1440671432674
1440671433682
1440671434688
1440671435692
1440671436697
1440671437702
1440671438706
1440671439712
1440671440717
1440671441722
1440671442723
1440671443728
1440671444730
1440671445735
1440671446740
1440671447744
1440671448748
1440671449755
1440671450757
1440671451759
1440671452765
1440671453766
1440671454770
1440671455773
1440671456773
1440671457774
1440671458778
1440671459778
1440671460784
1440671461786
1440671462789
1440671463789
1440671464791
1440671465791
1440671466795
1440671467796
1440671468797
1440671469797
1440671470802
1440671471804
1440671472807
1440671473807
1440671474813
1440671475823
1440671476823
1440671477823
1440671478826
1440671479831
1440671480833
1440671481839
1440671482841
1440671483846
1440671484851
1440671485856
1440671486857
1440671487858
1440671488863
1440671489869
1440671490874
1440671491874
1440671492874
1440671493879
1440671494884
1440671495887
1440671496893
1440671497893
1440671498894
1440671499898
1440671500898
1440671501903
1440671502908
1440671503910
1440671504913
1440671505916
1440671506921
1440671507924
1440671508924
1440671509925
1440671510929
1440671511932
1440671512937
1440671513942
1440671514947
1440671515948
1440671516952
1440671517958
1440671518958
1440671519959
1440671520960
1440671521963
1440671522969
1440671523974
1440671524975
1440671525976
1440671526976
1440671527982
1440671528986
1440671529987
1440671530988
1440671531990
1440671532990
1440671533990
1440671534991
1440671535996
1440671537000
1440671538002
1440671539003
1440671540008
1440671541009
1440671542010
1440671543011
1440671544013
1440671545014
1440671546017
1440671547017
1440671548022
1440671549023
1440671550025
1440671551026
1440671552026
1440671553030
1440671554032
1440671555033
1440671556033
1440671557034
1440671558034
1440671559035
1440671560035
1440671561036
1440671562036
1440671563037
1440671564044
1440671565051
1440671566057
1440671567059
1440671568065
1440671569065
1440671570066
1440671571071
1440671572075
1440671573076
1440671574076
1440671575082
1440671576084
1440671577085
1440671578085
1440671579086
1440671580088
1440671581090
1440671582092
1440671583097
1440671584099
1440671585102
1440671586108
1440671587109
1440671588109
1440671589115
1440671590120
1440671591125
1440671592131
1440671593131
1440671594136
1440671595140
1440671596143
1440671597148
1440671598149
1440671599154
1440671600159
1440671601163
1440671602168
1440671603174
1440671604176
1440671605181
1440671606187
1440671607192
1440671608194
1440671609199
1440671610205
1440671611209
1440671612215
1440671613220
1440671614225
1440671615226
1440671616232
1440671617235
1440671618240
1440671619242
1440671620243
1440671621248
1440671622254
1440671623259
1440671624263
1440671625264
1440671626267
1440671627272
1440671628276
1440671629277
1440671630277
1440671631282
1440671632287
1440671633291
1440671634292
1440671635293
1440671636294
1440671637299
1440671638304
1440671639308
1440671640310
1440671641312
1440671642314
1440671643316
1440671644316
1440671645321
1440671646323
1440671647324
1440671648324
1440671649325
1440671650327
1440671651327
1440671652329
1440671653330
1440671654331
1440671655332
1440671656332
1440671657333
1440671658333
1440671659334
1440671660336
1440671661336
1440671662340
1440671663346
1440671664347
1440671665353
1440671666357
1440671667360
1440671668364
1440671669370
1440671670375
1440671671378
1440671672381
1440671673383
1440671674385
1440671675390
1440671676393
1440671677394
1440671678395
1440671679397
1440671680402
1440671681404
1440671682408
1440671683408
1440671684411
1440671685414
1440671686416
1440671687419
1440671688423
1440671689428
1440671690428
1440671691430
1440671692435
1440671693441
1440671694444
1440671695448
1440671696449
1440671697451
1440671698452
1440671699457
1440671700458
1440671701462
1440671702468
1440671703473
1440671704476
1440671705478
1440671706479
1440671707480
1440671708482
1440671709483
1440671710488
1440671711491
1440671712495
1440671713499
1440671714501
1440671715504
1440671716505
1440671717510
1440671718511
1440671719513
1440671720515
1440671721517
1440671722518
1440671723521
1440671724523
1440671725528
1440671726534
1440671727535
1440671728537
1440671729541
1440671730542
1440671731545
1440671732546
1440671733546
1440671734552
1440671735557
1440671736562
1440671737562
1440671738563
1440671739565
1440671740566
1440671741571
1440671742572
1440671743575
1440671744577
1440671745578
1440671746584
1440671747586
1440671748586
1440671749592
1440671750592
1440671751593
1440671752598
1440671753600
1440671754606
1440671755609
1440671756610
1440671757612
1440671758612
1440671759616
1440671760621
1440671761627
1440671762629
1440671763629
1440671764633
1440671765633
1440671766634
1440671767637
1440671768639
1440671769644
1440671770644
1440671771649
1440671772653
1440671773655
1440671774658
1440671775662
1440671776663
1440671777664
1440671778670
1440671779671
1440671780677
1440671781682
1440671782687
1440671783692
1440671784695
1440671785698
1440671786701
1440671787707
1440671788712
1440671789713
1440671790718
1440671791721
1440671792722
1440671793722
1440671794723
1440671795723
1440671796729
1440671797730
1440671798730
1440671799732
1440671800733
1440671801738
1440671802739
1440671803739
1440671804745
1440671805748
1440671806754
1440671807755
1440671808756
1440671809761
1440671810763
1440671811768
1440671812774
1440671813779
1440671814780
1440671815785
1440671816790
1440671817793
1440671818797
1440671819799
1440671820804
1440671821804
1440671822809
1440671823813
1440671824816
1440671825818
1440671826818
1440671827820
1440671828820
1440671829824
1440671830824
1440671831828
1440671832830
1440671833831
1440671834836
1440671835841
1440671836842
1440671837847
1440671838852
1440671839854
1440671840855
1440671841860
1440671842863
1440671843864
1440671844869
1440671845870
1440671846873
1440671847873
1440671848874
1440671849879
1440671850885
1440671851890
1440671852895
1440671853897
1440671854898
1440671855903
1440671856905
1440671857910
1440671858915
1440671859916
1440671860920
1440671861920
1440671862925
1440671863930
1440671864932
1440671865937
1440671866938
1440671867939
1440671868944
1440671869946
1440671870946
1440671871947
1440671872948
1440671873951
1440671874954
1440671875956
1440671876962
1440671877964
1440671878964
1440671879966
1440671880967
1440671881972
1440671882973
1440671883976
1440671884976
1440671885981
1440671886982
1440671887986
1440671888986
1440671889992
1440671890993
1440671891994
1440671892997
1440671894001
1440671895001
1440671896003
1440671897005
1440671898008
1440671899011
1440671900011
1440671901015
1440671902016
1440671903021
1440671904022
1440671905022
1440671906023
1440671907024
1440671908025
1440671909025
1440671910025
1440671911026
1440671912027
1440671913028
1440671914028
1440671915029
1440671916030
1440671917031
1440671918032
1440671919033
1440671920034
1440671921034
1440671922035
1440671923036
1440671924037
1440671925038
1440671926038
1440671927043
1440671928046
1440671929048
1440671930049
1440671931055
1440671932060
1440671933063
1440671934065
1440671935066
1440671936066
1440671937067
1440671938072
1440671939076
1440671940081
1440671941082
1440671942085
1440671943089
1440671944094
1440671945095
1440671946099
1440671947102
1440671948107
1440671949111
1440671950115
1440671951116
1440671952121
1440671953121
1440671954126
1440671955132
1440671956132
1440671957133
1440671958138
1440671959143
1440671960147
1440671961152
1440671962155
1440671963157
1440671964162
1440671965163
1440671966163
1440671967164
1440671968166
1440671969166
1440671970171
1440671971172
1440671972174
1440671973178
1440671974181
1440671975182
1440671976182
1440671977188
1440671978190
1440671979195
1440671980199
1440671981202
1440671982202
1440671983202
1440671984205
1440671985206
1440671986211
1440671987212
1440671988216
1440671989221
1440671990225
1440671991231
1440671992233
1440671993234
1440671994239
1440671995244
1440671996248
1440671997249
1440671998250
1440671999251
1440672000252
1440672001253
1440672002253
1440672003254
1440672004255
1440672005256
1440672006257
1440672007258
1440672008258
1440672009259
1440672086803
1440672087806
1440672088811
1440672089812
1440672090812
1440672091814
1440672092815
1440672093816
1440672511858
1440672512865
1440672513871
1440672538954
1440672539959
1440672540965
1440672541970
1440672542971
1440672543975
1440672551530
1440672552538
1440672553542
1440672554543
1440672555548
1440672556553
1440672557559
1440672558559
1440672559564
1440672560569
1440672561575
1440672562576
1440672563576
1440672564578
1440672565582
1440672566582
1440672567587
1440672568593
1440672569593
1440672570594
1440672571599
1440672572604
1440672573609
1440672574610
1440672575615
1440672576620
1440672577626
1440672578627
1440672579629
1440672580631
1440672581636
1440672582641
1440672583643
1440672584649
1440672585654
1440672586657
1440672587657
1440672588661
1440672589665
1440672590665
1440672591670
1440672592672
1440672593677
1440672594682
1440672595683
1440672596688
1440672597693
1440672598693
1440672599697
1440672600702
1440672601702
1440672602708
1440672603708
1440672604708
1440672605710
1440672606716
1440672607721
1440672608724
1440672609727
1440672610732
1440672611733
1440672612738
1440672613742
1440672614744
1440672615749
1440672616755
1440672617761
1440672618762
1440672619767
1440672620768
1440672621774
1440672622777
1440672623783
1440672624783
1440672625785
1440672626790
1440672627791
1440672628794
1440672629800
1440672630807
1440672631811
1440672632812
1440672633817
1440672634821
1440672635826
1440672636556
1440672636827
1440672637560
1440672637828
1440672638563
1440672638829
1440672639564
1440672639832
1440672640568
1440672640835
1440672641574
1440672641835
1440672642837
1440672643837
1440672644843
1440672645845
1440672646850
1440672647852
1440672648853
1440672649853
1440672650854
1440672651857
1440672652862
1440672653862
1440672654867
1440672655873
1440672656876
1440672657878
1440672658878
1440672659883
1440672660889
1440672661894
1440672662896
1440672663902
1440672664905
1440672665910
1440672666912
1440672667917
1440672668922
1440672669928
1440672670928
1440672671930
1440672672932
1440672673934
1440672674935
1440672675935
1440672676940
1440672677945
1440672678950
1440672679956
1440672680961
1440672681965
1440672682974
1440672703649
1440672704653
1440672705654
1440672706658
1440672707663
1440672708667
1440672709668
1440672710670
1440672711673
1440672732750
1440672733753
1440672734758
1440672735763
1440672736764
1440672737765
1440672738770
1440672739775
1440672740779
1440672741781
1440672742783
1440672743783
1440672751632
1440672752640
1440672753642
1440672754646
1440672755649
1440672756654
1440672757659
1440672758663
1440672759663
1440672760664
1440672761665
1440672762666
1440672763667
1440672764672
1440672765677
1440672766680
1440672767684
1440672768688
1440672769693
1440672770696
1440672771702
1440672772704
1440672773709
1440672774711
1440672775716
1440672776721
1440672777722
1440672778727
1440672779731
1440672780731
1440672781736
1440672782738
1440672783742
1440672784742
1440672785747
1440672786748
1440672787748
1440672788753
1440672789756
1440672790757
1440672791757
1440672792760
1440672793764
1440672794766
1440672795772
1440672796776
1440672797778
1440672798780
1440672799781
1440672800787
1440672801791
1440672802797
1440672803798
1440672804801
1440672805803
1440672806807
1440672807809
1440672808811
1440672809814
1440672810819
1440672811820
1440672812822
1440672813827
1440672814832
1440672815834
1440672816840
1440672817843
1440672818846
1440672819847
1440672820853
1440672821858
1440672822863
1440672823864
1440672824868
1440672825869
1440672826870
1440672827876
1440672828879
1440672829882
1440672830888
1440672831889
1440672832894
